#
# A fatal error has been detected by the Java Runtime Environment:
#
#  EXCEPTION_ACCESS_VIOLATION (0xc0000005) at pc=0x00007ffd039d3416, pid=6060, tid=3240
#
# JRE version: Java(TM) SE Runtime Environment (16.0.1+9) (build 16.0.1+9-24)
# Java VM: Java HotSpot(TM) 64-Bit Server VM (16.0.1+9-24, mixed mode, sharing, tiered, compressed oops, compressed class ptrs, g1 gc, windows-amd64)
# Problematic frame:
# C  [ntdll.dll+0x63416]
#
# No core dump will be written. Minidumps are not enabled by default on client versions of Windows
#
# If you would like to submit a bug report, please visit:
#   https://bugreport.java.com/bugreport/crash.jsp
# The crash happened outside the Java Virtual Machine in native code.
# See problematic frame for where to report the bug.
#

---------------  S U M M A R Y ------------

Command Line: -javaagent:D:\JetBrains\IntelliJ IDEA 2021.1.2\lib\idea_rt.jar=57363:D:\JetBrains\IntelliJ IDEA 2021.1.2\bin -Dfile.encoding=UTF-8 Kiszel.Daniel.Game.Main

Host: AMD Ryzen 5 3500X 6-Core Processor             , 6 cores, 15G,  Windows 10 , 64 bit Build 19041 (10.0.19041.1023)
Time: Wed Jun 23 15:07:02 2021 Közép-európai nyári iduild 19041 (10.0.19041.1023) elapsed time: 8.391193 seconds (0d 0h 0m 8s)

---------------  T H R E A D  ---------------

Current thread (0x00000292c4a21710):  JavaThread "Thread-0" [_thread_in_native, id=3240, stack(0x000000c635400000,0x000000c635500000)]

Stack: [0x000000c635400000,0x000000c635500000],  sp=0x000000c6354fe6f0,  free space=1017k
Native frames: (J=compiled Java code, j=interpreted, Vv=VM code, C=native code)
C  [ntdll.dll+0x63416]
C  [ntdll.dll+0x2fcb4]
C  [ntdll.dll+0x2fae2]
C  0x00007ffcf93fd95c

Java frames: (J=compiled Java code, j=interpreted, Vv=VM code)
j  sun.java2d.d3d.D3DSurfaceData.initOps(III)V+0 java.desktop@16.0.1
j  sun.java2d.d3d.D3DSurfaceData.<init>(Lsun/awt/windows/WComponentPeer;Lsun/java2d/d3d/D3DGraphicsConfig;IILjava/awt/Image;Ljava/awt/image/ColorModel;IILsun/java2d/pipe/hw/ExtendedBufferCapabilities$VSyncType;I)V+212 java.desktop@16.0.1
j  sun.java2d.d3d.D3DSurfaceData.createData(Lsun/awt/windows/WComponentPeer;Ljava/awt/Image;)Lsun/java2d/d3d/D3DSurfaceData;+117 java.desktop@16.0.1
j  sun.java2d.d3d.D3DVolatileSurfaceManager.initAcceleratedSurface()Lsun/java2d/SurfaceData;+68 java.desktop@16.0.1
j  sun.java2d.d3d.D3DVolatileSurfaceManager.restoreAcceleratedSurface()V+49 java.desktop@16.0.1
J 925 c1 sun.awt.image.VolatileSurfaceManager.validate(Ljava/awt/GraphicsConfiguration;)I java.desktop@16.0.1 (213 bytes) @ 0x00000292a93aa1bc [0x00000292a93a9b00+0x00000000000006bc]
J 924 c1 sun.awt.image.SunVolatileImage.validate(Ljava/awt/GraphicsConfiguration;)I java.desktop@16.0.1 (9 bytes) @ 0x00000292a93a96c4 [0x00000292a93a95c0+0x0000000000000104]
J 931 c1 java.awt.Component$FlipBufferStrategy.revalidate()V java.desktop@16.0.1 (145 bytes) @ 0x00000292a93acbac [0x00000292a93ac6c0+0x00000000000004ec]
J 930 c1 java.awt.Component$FlipBufferStrategy.getDrawGraphics()Ljava/awt/Graphics; java.desktop@16.0.1 (12 bytes) @ 0x00000292a93ac244 [0x00000292a93ac140+0x0000000000000104]
J 946 c1 Kiszel.Daniel.Game.Game.render()V (114 bytes) @ 0x00000292a93b196c [0x00000292a93b16e0+0x000000000000028c]
J 885% c2 Kiszel.Daniel.Game.Game.run()V (104 bytes) @ 0x00000292b07cd960 [0x00000292b07cd8e0+0x0000000000000080]
j  java.lang.Thread.run()V+11 java.base@16.0.1
v  ~StubRoutines::call_stub

siginfo: EXCEPTION_ACCESS_VIOLATION (0xc0000005), writing address 0x0000000000000024


Register to memory mapping:

RIP=0x00007ffd039d3416 ntdll.dll
RAX=0x0 is NULL
RBX=0x00000292c4b71dc8 points into unknown readable memory: 0x0000000000000000 | 00 00 00 00 00 00 00 00
RCX=0x00000292c4b71dc8 points into unknown readable memory: 0x0000000000000000 | 00 00 00 00 00 00 00 00
RDX=0x00000000fffffffa is an unknown value
RSP=0x000000c6354fe6f0 is pointing into the stack for thread: 0x00000292c4a21710
RBP=0x0000000000010000 is an unknown value
RSI=0x0 is NULL
RDI=0x0 is NULL
R8 =0x0 is NULL
R9 =0x00000292c4b71d00 points into unknown readable memory: 0x000000980000156f | 6f 15 00 00 98 00 00 00
R10=0x0002310b0cdc2987 is an unknown value
R11=0x0002310b0cdc27fb is an unknown value
R12=0x0 is NULL
R13=0x000000c633a99000 points into unknown readable memory: 0x0000000000000000 | 00 00 00 00 00 00 00 00
R14=0x0000000000000001 is an unknown value
R15=0x0 is NULL


Registers:
RAX=0x0000000000000000, RBX=0x00000292c4b71dc8, RCX=0x00000292c4b71dc8, RDX=0x00000000fffffffa
RSP=0x000000c6354fe6f0, RBP=0x0000000000010000, RSI=0x0000000000000000, RDI=0x0000000000000000
R8 =0x0000000000000000, R9 =0x00000292c4b71d00, R10=0x0002310b0cdc2987, R11=0x0002310b0cdc27fb
R12=0x0000000000000000, R13=0x000000c633a99000, R14=0x0000000000000001, R15=0x0000000000000000
RIP=0x00007ffd039d3416, EFLAGS=0x0000000000010213

Top of Stack: (sp=0x000000c6354fe6f0)
0x000000c6354fe6f0:   ffffffffffffffff 00000292c4b71dc8
0x000000c6354fe700:   000000c6354fe9f0 00000000000001f1
0x000000c6354fe710:   000000c6354fe7f8 000000c6354fe6c8
0x000000c6354fe720:   000000c6354fe709 0000000800000005
0x000000c6354fe730:   00000292c4271000 00000000fffffffa
0x000000c6354fe740:   000000c633a99000 000000000000000e
0x000000c6354fe750:   00000292c4a21710 0000000000000000
0x000000c6354fe760:   00000292c43fca10 0000000000000000
0x000000c6354fe770:   00007ffcb9e992e8 00007ffcb997804c
0x000000c6354fe780:   00008af11ad9b733 000000c6354fe878
0x000000c6354fe790:   00000292c4a21700 0000000000000001
0x000000c6354fe7a0:   0000000000000001 0000000000000001
0x000000c6354fe7b0:   0000000000000000 00000292c4b71dc8
0x000000c6354fe7c0:   0000000000010000 00007ffd0399fcb4
0x000000c6354fe7d0:   00000000354fe190 00000292c4a21710
0x000000c6354fe7e0:   00000000fffffffa 0000000000000000 

Instructions: (pc=0x00007ffd039d3416)
0x00007ffd039d3316:   20 e9 ed fe ff ff 48 89 41 18 e9 e4 fe ff ff cc
0x00007ffd039d3326:   cc cc cc cc cc cc cc cc cc cc 80 3d d1 71 10 00
0x00007ffd039d3336:   00 0f 95 c0 c3 cc cc cc cc cc cc cc cc cc cc cc
0x00007ffd039d3346:   cc cc cc cc cc cc cc cc cc cc 48 83 ec 38 8b 05
0x00007ffd039d3356:   d2 57 10 00 89 44 24 20 e8 41 02 00 00 48 83 c4
0x00007ffd039d3366:   38 c3 cc cc cc cc cc cc cc cc 48 89 5c 24 18 55
0x00007ffd039d3376:   56 57 41 54 41 55 41 56 41 57 48 81 ec a0 00 00
0x00007ffd039d3386:   00 48 8b 05 82 f1 11 00 48 33 c4 48 89 84 24 90
0x00007ffd039d3396:   00 00 00 65 4c 8b 2c 25 30 00 00 00 48 8d 05 4f
0x00007ffd039d33a6:   11 10 00 40 32 ed 89 54 24 48 33 f6 40 88 6c 24
0x00007ffd039d33b6:   40 4c 89 6c 24 50 48 8b d9 44 8b e6 48 3b c8 0f
0x00007ffd039d33c6:   84 39 01 00 00 40 38 35 36 71 10 00 0f 85 a8 01
0x00007ffd039d33d6:   00 00 39 35 4a 71 10 00 0f 85 6a 01 00 00 40 38
0x00007ffd039d33e6:   35 0d 6c 10 00 48 8d 3d 0e 6c 10 00 48 0f 45 fe
0x00007ffd039d33f6:   48 39 73 18 0f 84 d2 00 00 00 48 8b 03 48 83 f8
0x00007ffd039d3406:   ff 0f 84 d2 00 00 00 44 8b fe 48 83 f8 ff 74 03
0x00007ffd039d3416:   ff 40 24 4c 8b 73 18 4c 8d 2d d4 10 10 00 bd 22
0x00007ffd039d3426:   17 00 00 e8 22 14 fc ff 85 c0 0f 85 7e b3 05 00
0x00007ffd039d3436:   b9 82 03 fe 7f 80 39 00 0f 85 8c b3 05 00 49 83
0x00007ffd039d3446:   fe ff 0f 85 1a b4 05 00 4c 8b cf c7 44 24 20 00
0x00007ffd039d3456:   00 00 00 41 b8 04 00 00 00 48 8d 54 24 48 48 8d
0x00007ffd039d3466:   4b 08 e8 37 01 00 00 3d 02 01 00 00 0f 84 03 b4
0x00007ffd039d3476:   05 00 8b 4b 08 89 4c 24 48 f6 c1 02 75 ca 3d 02
0x00007ffd039d3486:   01 00 00 0f 84 ec b3 05 00 0f b6 6c 24 40 4c 8b
0x00007ffd039d3496:   6c 24 50 85 c0 0f 88 38 b5 05 00 40 84 ed 75 73
0x00007ffd039d34a6:   48 8b 8c 24 90 00 00 00 48 33 cc e8 8a 8d 02 00
0x00007ffd039d34b6:   48 8b 9c 24 f0 00 00 00 48 81 c4 a0 00 00 00 41
0x00007ffd039d34c6:   5f 41 5e 41 5d 41 5c 5f 5e 5d c3 cc 48 8b cb e8
0x00007ffd039d34d6:   56 05 00 00 e9 21 ff ff ff 8b 4b 20 48 c7 c0 ff
0x00007ffd039d34e6:   ff ff ff 48 0f ba e1 18 0f 82 19 ff ff ff 48 8b
0x00007ffd039d34f6:   cb e8 44 e3 fa ff 48 8b 03 e9 09 ff ff ff c6 44
0x00007ffd039d3506:   24 40 01 41 c7 85 60 17 00 00 01 00 00 00 e9 b2 


Stack slot to memory mapping:
stack at sp + 0 slots: 0xffffffffffffffff is an unknown value
stack at sp + 1 slots: 0x00000292c4b71dc8 points into unknown readable memory: 0x0000000000000000 | 00 00 00 00 00 00 00 00
stack at sp + 2 slots: 0x000000c6354fe9f0 is pointing into the stack for thread: 0x00000292c4a21710
stack at sp + 3 slots: 0x00000000000001f1 is an unknown value
stack at sp + 4 slots: 0x000000c6354fe7f8 is pointing into the stack for thread: 0x00000292c4a21710
stack at sp + 5 slots: 0x000000c6354fe6c8 is pointing into the stack for thread: 0x00000292c4a21710
stack at sp + 6 slots: 0x000000c6354fe709 is pointing into the stack for thread: 0x00000292c4a21710
stack at sp + 7 slots: 0x0000000800000005 is pointing into metadata


---------------  P R O C E S S  ---------------

Threads class SMR info:
_java_thread_list=0x00000292c49aa3b0, length=18, elements={
0x00000292c3d56ad0, 0x00000292c3d578a0, 0x00000292c3d67450, 0x00000292c3d6ae80,
0x00000292c3d6b790, 0x00000292c3d6c0a0, 0x00000292c3d736b0, 0x00000292c3d7c0c0,
0x00000292c3d89e20, 0x00000292c48c81d0, 0x00000292c49a3c00, 0x00000292c49a6130,
0x00000292c4a21710, 0x00000292a152ab20, 0x00000292c4b0b4c0, 0x00000292c4b1e1f0,
0x00000292c55a7b40, 0x00000292c4b7a320
}

Java Threads: ( => current thread )
  0x00000292c3d56ad0 JavaThread "Reference Handler" daemon [_thread_blocked, id=10120, stack(0x000000c634700000,0x000000c634800000)]
  0x00000292c3d578a0 JavaThread "Finalizer" daemon [_thread_blocked, id=1376, stack(0x000000c634800000,0x000000c634900000)]
  0x00000292c3d67450 JavaThread "Signal Dispatcher" daemon [_thread_blocked, id=7668, stack(0x000000c634900000,0x000000c634a00000)]
  0x00000292c3d6ae80 JavaThread "Attach Listener" daemon [_thread_blocked, id=7424, stack(0x000000c634a00000,0x000000c634b00000)]
  0x00000292c3d6b790 JavaThread "Service Thread" daemon [_thread_blocked, id=16624, stack(0x000000c634b00000,0x000000c634c00000)]
  0x00000292c3d6c0a0 JavaThread "Monitor Deflation Thread" daemon [_thread_blocked, id=18044, stack(0x000000c634c00000,0x000000c634d00000)]
  0x00000292c3d736b0 JavaThread "C2 CompilerThread0" daemon [_thread_blocked, id=5608, stack(0x000000c634d00000,0x000000c634e00000)]
  0x00000292c3d7c0c0 JavaThread "C1 CompilerThread0" daemon [_thread_blocked, id=12108, stack(0x000000c634e00000,0x000000c634f00000)]
  0x00000292c3d89e20 JavaThread "Sweeper thread" daemon [_thread_blocked, id=17424, stack(0x000000c634f00000,0x000000c635000000)]
  0x00000292c48c81d0 JavaThread "Common-Cleaner" daemon [_thread_blocked, id=932, stack(0x000000c635000000,0x000000c635100000)]
  0x00000292c49a3c00 JavaThread "Monitor Ctrl-Break" daemon [_thread_in_native, id=17908, stack(0x000000c635100000,0x000000c635200000)]
  0x00000292c49a6130 JavaThread "Notification Thread" daemon [_thread_blocked, id=17876, stack(0x000000c635200000,0x000000c635300000)]
=>0x00000292c4a21710 JavaThread "Thread-0" [_thread_in_native, id=3240, stack(0x000000c635400000,0x000000c635500000)]
  0x00000292a152ab20 JavaThread "DestroyJavaVM" [_thread_blocked, id=7860, stack(0x000000c634000000,0x000000c634100000)]
  0x00000292c4b0b4c0 JavaThread "Java2D Disposer" daemon [_thread_blocked, id=6432, stack(0x000000c635500000,0x000000c635600000)]
  0x00000292c4b1e1f0 JavaThread "AWT-Shutdown" [_thread_blocked, id=19344, stack(0x000000c635600000,0x000000c635700000)]
  0x00000292c55a7b40 JavaThread "AWT-EventQueue-0" [_thread_blocked, id=1940, stack(0x000000c635a00000,0x000000c635b00000)]
  0x00000292c4b7a320 JavaThread "ToolkitShutdown" daemon [_thread_in_native, id=11988, stack(0x000000c635e00000,0x000000c635f00000)]

Other Threads:
  0x00000292c3d4ff60 VMThread "VM Thread" [stack: 0x000000c634600000,0x000000c634700000] [id=13832]
  0x00000292c49a8b10 WatcherThread [stack: 0x000000c635300000,0x000000c635400000] [id=7564]
  0x00000292a157b730 GCTaskThread "GC Thread#0" [stack: 0x000000c634100000,0x000000c634200000] [id=16728]
  0x00000292a158d560 ConcurrentGCThread "G1 Main Marker" [stack: 0x000000c634200000,0x000000c634300000] [id=10368]
  0x00000292a158e680 ConcurrentGCThread "G1 Conc#0" [stack: 0x000000c634300000,0x000000c634400000] [id=11216]
  0x00000292c3c120c0 ConcurrentGCThread "G1 Refine#0" [stack: 0x000000c634400000,0x000000c634500000] [id=13580]
  0x00000292c3c12a50 ConcurrentGCThread "G1 Service" [stack: 0x000000c634500000,0x000000c634600000] [id=13216]

Threads with active compile tasks:

VM state: at safepoint (normal execution)

VM Mutex/Monitor currently owned by a thread:  ([mutex/lock_event])
[0x00000292a1525670] Threads_lock - owner thread: 0x00000292c3d4ff60

Heap address: 0x0000000701200000, size: 4078 MB, Compressed Oops mode: Zero based, Oop shift amount: 3

CDS archive(s) mapped at: [0x0000000800000000-0x0000000800bb0000-0x0000000800bb0000), size 12255232, SharedBaseAddress: 0x0000000800000000, ArchiveRelocationMode: 0.
Compressed class space mapped at: 0x0000000800c00000-0x0000000840c00000, reserved size: 1073741824
Narrow klass base: 0x0000000800000000, Narrow klass shift: 3, Narrow klass range: 0x100000000

GC Precious Log:
 CPUs: 6 total, 6 available
 Memory: 16309M
 Large Page Support: Disabled
 NUMA Support: Disabled
 Compressed Oops: Enabled (Zero based)
 Heap Region Size: 2M
 Heap Min Capacity: 8M
 Heap Initial Capacity: 256M
 Heap Max Capacity: 4078M
 Pre-touch: Disabled
 Parallel Workers: 6
 Concurrent Workers: 2
 Concurrent Refinement Workers: 6
 Periodic GC: Disabled

Heap:
 garbage-first heap   total 262144K, used 10240K [0x0000000701200000, 0x0000000800000000)
  region size 2048K, 6 young (12288K), 0 survivors (0K)
 Metaspace       used 6749K, committed 6912K, reserved 1056768K
  class space    used 718K, committed 832K, reserved 1048576K

Heap Regions: E=young(eden), S=young(survivor), O=old, HS=humongous(starts), HC=humongous(continues), CS=collection set, F=free, OA=open archive, CA=closed archive, TAMS=top-at-mark-start (previous, next)
|   0|0x0000000701200000, 0x0000000701200000, 0x0000000701400000|  0%| F|  |TAMS 0x0000000701200000, 0x0000000701200000| Untracked 
|   1|0x0000000701400000, 0x0000000701400000, 0x0000000701600000|  0%| F|  |TAMS 0x0000000701400000, 0x0000000701400000| Untracked 
|   2|0x0000000701600000, 0x0000000701600000, 0x0000000701800000|  0%| F|  |TAMS 0x0000000701600000, 0x0000000701600000| Untracked 
|   3|0x0000000701800000, 0x0000000701800000, 0x0000000701a00000|  0%| F|  |TAMS 0x0000000701800000, 0x0000000701800000| Untracked 
|   4|0x0000000701a00000, 0x0000000701a00000, 0x0000000701c00000|  0%| F|  |TAMS 0x0000000701a00000, 0x0000000701a00000| Untracked 
|   5|0x0000000701c00000, 0x0000000701c00000, 0x0000000701e00000|  0%| F|  |TAMS 0x0000000701c00000, 0x0000000701c00000| Untracked 
|   6|0x0000000701e00000, 0x0000000701e00000, 0x0000000702000000|  0%| F|  |TAMS 0x0000000701e00000, 0x0000000701e00000| Untracked 
|   7|0x0000000702000000, 0x0000000702000000, 0x0000000702200000|  0%| F|  |TAMS 0x0000000702000000, 0x0000000702000000| Untracked 
|   8|0x0000000702200000, 0x0000000702200000, 0x0000000702400000|  0%| F|  |TAMS 0x0000000702200000, 0x0000000702200000| Untracked 
|   9|0x0000000702400000, 0x0000000702400000, 0x0000000702600000|  0%| F|  |TAMS 0x0000000702400000, 0x0000000702400000| Untracked 
|  10|0x0000000702600000, 0x0000000702600000, 0x0000000702800000|  0%| F|  |TAMS 0x0000000702600000, 0x0000000702600000| Untracked 
|  11|0x0000000702800000, 0x0000000702800000, 0x0000000702a00000|  0%| F|  |TAMS 0x0000000702800000, 0x0000000702800000| Untracked 
|  12|0x0000000702a00000, 0x0000000702a00000, 0x0000000702c00000|  0%| F|  |TAMS 0x0000000702a00000, 0x0000000702a00000| Untracked 
|  13|0x0000000702c00000, 0x0000000702c00000, 0x0000000702e00000|  0%| F|  |TAMS 0x0000000702c00000, 0x0000000702c00000| Untracked 
|  14|0x0000000702e00000, 0x0000000702e00000, 0x0000000703000000|  0%| F|  |TAMS 0x0000000702e00000, 0x0000000702e00000| Untracked 
|  15|0x0000000703000000, 0x0000000703000000, 0x0000000703200000|  0%| F|  |TAMS 0x0000000703000000, 0x0000000703000000| Untracked 
|  16|0x0000000703200000, 0x0000000703200000, 0x0000000703400000|  0%| F|  |TAMS 0x0000000703200000, 0x0000000703200000| Untracked 
|  17|0x0000000703400000, 0x0000000703400000, 0x0000000703600000|  0%| F|  |TAMS 0x0000000703400000, 0x0000000703400000| Untracked 
|  18|0x0000000703600000, 0x0000000703600000, 0x0000000703800000|  0%| F|  |TAMS 0x0000000703600000, 0x0000000703600000| Untracked 
|  19|0x0000000703800000, 0x0000000703800000, 0x0000000703a00000|  0%| F|  |TAMS 0x0000000703800000, 0x0000000703800000| Untracked 
|  20|0x0000000703a00000, 0x0000000703a00000, 0x0000000703c00000|  0%| F|  |TAMS 0x0000000703a00000, 0x0000000703a00000| Untracked 
|  21|0x0000000703c00000, 0x0000000703c00000, 0x0000000703e00000|  0%| F|  |TAMS 0x0000000703c00000, 0x0000000703c00000| Untracked 
|  22|0x0000000703e00000, 0x0000000703e00000, 0x0000000704000000|  0%| F|  |TAMS 0x0000000703e00000, 0x0000000703e00000| Untracked 
|  23|0x0000000704000000, 0x0000000704000000, 0x0000000704200000|  0%| F|  |TAMS 0x0000000704000000, 0x0000000704000000| Untracked 
|  24|0x0000000704200000, 0x0000000704200000, 0x0000000704400000|  0%| F|  |TAMS 0x0000000704200000, 0x0000000704200000| Untracked 
|  25|0x0000000704400000, 0x0000000704400000, 0x0000000704600000|  0%| F|  |TAMS 0x0000000704400000, 0x0000000704400000| Untracked 
|  26|0x0000000704600000, 0x0000000704600000, 0x0000000704800000|  0%| F|  |TAMS 0x0000000704600000, 0x0000000704600000| Untracked 
|  27|0x0000000704800000, 0x0000000704800000, 0x0000000704a00000|  0%| F|  |TAMS 0x0000000704800000, 0x0000000704800000| Untracked 
|  28|0x0000000704a00000, 0x0000000704a00000, 0x0000000704c00000|  0%| F|  |TAMS 0x0000000704a00000, 0x0000000704a00000| Untracked 
|  29|0x0000000704c00000, 0x0000000704c00000, 0x0000000704e00000|  0%| F|  |TAMS 0x0000000704c00000, 0x0000000704c00000| Untracked 
|  30|0x0000000704e00000, 0x0000000704e00000, 0x0000000705000000|  0%| F|  |TAMS 0x0000000704e00000, 0x0000000704e00000| Untracked 
|  31|0x0000000705000000, 0x0000000705000000, 0x0000000705200000|  0%| F|  |TAMS 0x0000000705000000, 0x0000000705000000| Untracked 
|  32|0x0000000705200000, 0x0000000705200000, 0x0000000705400000|  0%| F|  |TAMS 0x0000000705200000, 0x0000000705200000| Untracked 
|  33|0x0000000705400000, 0x0000000705400000, 0x0000000705600000|  0%| F|  |TAMS 0x0000000705400000, 0x0000000705400000| Untracked 
|  34|0x0000000705600000, 0x0000000705600000, 0x0000000705800000|  0%| F|  |TAMS 0x0000000705600000, 0x0000000705600000| Untracked 
|  35|0x0000000705800000, 0x0000000705800000, 0x0000000705a00000|  0%| F|  |TAMS 0x0000000705800000, 0x0000000705800000| Untracked 
|  36|0x0000000705a00000, 0x0000000705a00000, 0x0000000705c00000|  0%| F|  |TAMS 0x0000000705a00000, 0x0000000705a00000| Untracked 
|  37|0x0000000705c00000, 0x0000000705c00000, 0x0000000705e00000|  0%| F|  |TAMS 0x0000000705c00000, 0x0000000705c00000| Untracked 
|  38|0x0000000705e00000, 0x0000000705e00000, 0x0000000706000000|  0%| F|  |TAMS 0x0000000705e00000, 0x0000000705e00000| Untracked 
|  39|0x0000000706000000, 0x0000000706000000, 0x0000000706200000|  0%| F|  |TAMS 0x0000000706000000, 0x0000000706000000| Untracked 
|  40|0x0000000706200000, 0x0000000706200000, 0x0000000706400000|  0%| F|  |TAMS 0x0000000706200000, 0x0000000706200000| Untracked 
|  41|0x0000000706400000, 0x0000000706400000, 0x0000000706600000|  0%| F|  |TAMS 0x0000000706400000, 0x0000000706400000| Untracked 
|  42|0x0000000706600000, 0x0000000706600000, 0x0000000706800000|  0%| F|  |TAMS 0x0000000706600000, 0x0000000706600000| Untracked 
|  43|0x0000000706800000, 0x0000000706800000, 0x0000000706a00000|  0%| F|  |TAMS 0x0000000706800000, 0x0000000706800000| Untracked 
|  44|0x0000000706a00000, 0x0000000706a00000, 0x0000000706c00000|  0%| F|  |TAMS 0x0000000706a00000, 0x0000000706a00000| Untracked 
|  45|0x0000000706c00000, 0x0000000706c00000, 0x0000000706e00000|  0%| F|  |TAMS 0x0000000706c00000, 0x0000000706c00000| Untracked 
|  46|0x0000000706e00000, 0x0000000706e00000, 0x0000000707000000|  0%| F|  |TAMS 0x0000000706e00000, 0x0000000706e00000| Untracked 
|  47|0x0000000707000000, 0x0000000707000000, 0x0000000707200000|  0%| F|  |TAMS 0x0000000707000000, 0x0000000707000000| Untracked 
|  48|0x0000000707200000, 0x0000000707200000, 0x0000000707400000|  0%| F|  |TAMS 0x0000000707200000, 0x0000000707200000| Untracked 
|  49|0x0000000707400000, 0x0000000707400000, 0x0000000707600000|  0%| F|  |TAMS 0x0000000707400000, 0x0000000707400000| Untracked 
|  50|0x0000000707600000, 0x0000000707600000, 0x0000000707800000|  0%| F|  |TAMS 0x0000000707600000, 0x0000000707600000| Untracked 
|  51|0x0000000707800000, 0x0000000707800000, 0x0000000707a00000|  0%| F|  |TAMS 0x0000000707800000, 0x0000000707800000| Untracked 
|  52|0x0000000707a00000, 0x0000000707a00000, 0x0000000707c00000|  0%| F|  |TAMS 0x0000000707a00000, 0x0000000707a00000| Untracked 
|  53|0x0000000707c00000, 0x0000000707c00000, 0x0000000707e00000|  0%| F|  |TAMS 0x0000000707c00000, 0x0000000707c00000| Untracked 
|  54|0x0000000707e00000, 0x0000000707e00000, 0x0000000708000000|  0%| F|  |TAMS 0x0000000707e00000, 0x0000000707e00000| Untracked 
|  55|0x0000000708000000, 0x0000000708000000, 0x0000000708200000|  0%| F|  |TAMS 0x0000000708000000, 0x0000000708000000| Untracked 
|  56|0x0000000708200000, 0x0000000708200000, 0x0000000708400000|  0%| F|  |TAMS 0x0000000708200000, 0x0000000708200000| Untracked 
|  57|0x0000000708400000, 0x0000000708400000, 0x0000000708600000|  0%| F|  |TAMS 0x0000000708400000, 0x0000000708400000| Untracked 
|  58|0x0000000708600000, 0x0000000708600000, 0x0000000708800000|  0%| F|  |TAMS 0x0000000708600000, 0x0000000708600000| Untracked 
|  59|0x0000000708800000, 0x0000000708800000, 0x0000000708a00000|  0%| F|  |TAMS 0x0000000708800000, 0x0000000708800000| Untracked 
|  60|0x0000000708a00000, 0x0000000708a00000, 0x0000000708c00000|  0%| F|  |TAMS 0x0000000708a00000, 0x0000000708a00000| Untracked 
|  61|0x0000000708c00000, 0x0000000708c00000, 0x0000000708e00000|  0%| F|  |TAMS 0x0000000708c00000, 0x0000000708c00000| Untracked 
|  62|0x0000000708e00000, 0x0000000708e00000, 0x0000000709000000|  0%| F|  |TAMS 0x0000000708e00000, 0x0000000708e00000| Untracked 
|  63|0x0000000709000000, 0x0000000709000000, 0x0000000709200000|  0%| F|  |TAMS 0x0000000709000000, 0x0000000709000000| Untracked 
|  64|0x0000000709200000, 0x0000000709200000, 0x0000000709400000|  0%| F|  |TAMS 0x0000000709200000, 0x0000000709200000| Untracked 
|  65|0x0000000709400000, 0x0000000709400000, 0x0000000709600000|  0%| F|  |TAMS 0x0000000709400000, 0x0000000709400000| Untracked 
|  66|0x0000000709600000, 0x0000000709600000, 0x0000000709800000|  0%| F|  |TAMS 0x0000000709600000, 0x0000000709600000| Untracked 
|  67|0x0000000709800000, 0x0000000709800000, 0x0000000709a00000|  0%| F|  |TAMS 0x0000000709800000, 0x0000000709800000| Untracked 
|  68|0x0000000709a00000, 0x0000000709a00000, 0x0000000709c00000|  0%| F|  |TAMS 0x0000000709a00000, 0x0000000709a00000| Untracked 
|  69|0x0000000709c00000, 0x0000000709c00000, 0x0000000709e00000|  0%| F|  |TAMS 0x0000000709c00000, 0x0000000709c00000| Untracked 
|  70|0x0000000709e00000, 0x0000000709e00000, 0x000000070a000000|  0%| F|  |TAMS 0x0000000709e00000, 0x0000000709e00000| Untracked 
|  71|0x000000070a000000, 0x000000070a000000, 0x000000070a200000|  0%| F|  |TAMS 0x000000070a000000, 0x000000070a000000| Untracked 
|  72|0x000000070a200000, 0x000000070a200000, 0x000000070a400000|  0%| F|  |TAMS 0x000000070a200000, 0x000000070a200000| Untracked 
|  73|0x000000070a400000, 0x000000070a400000, 0x000000070a600000|  0%| F|  |TAMS 0x000000070a400000, 0x000000070a400000| Untracked 
|  74|0x000000070a600000, 0x000000070a600000, 0x000000070a800000|  0%| F|  |TAMS 0x000000070a600000, 0x000000070a600000| Untracked 
|  75|0x000000070a800000, 0x000000070a800000, 0x000000070aa00000|  0%| F|  |TAMS 0x000000070a800000, 0x000000070a800000| Untracked 
|  76|0x000000070aa00000, 0x000000070aa00000, 0x000000070ac00000|  0%| F|  |TAMS 0x000000070aa00000, 0x000000070aa00000| Untracked 
|  77|0x000000070ac00000, 0x000000070ac00000, 0x000000070ae00000|  0%| F|  |TAMS 0x000000070ac00000, 0x000000070ac00000| Untracked 
|  78|0x000000070ae00000, 0x000000070ae00000, 0x000000070b000000|  0%| F|  |TAMS 0x000000070ae00000, 0x000000070ae00000| Untracked 
|  79|0x000000070b000000, 0x000000070b000000, 0x000000070b200000|  0%| F|  |TAMS 0x000000070b000000, 0x000000070b000000| Untracked 
|  80|0x000000070b200000, 0x000000070b200000, 0x000000070b400000|  0%| F|  |TAMS 0x000000070b200000, 0x000000070b200000| Untracked 
|  81|0x000000070b400000, 0x000000070b400000, 0x000000070b600000|  0%| F|  |TAMS 0x000000070b400000, 0x000000070b400000| Untracked 
|  82|0x000000070b600000, 0x000000070b600000, 0x000000070b800000|  0%| F|  |TAMS 0x000000070b600000, 0x000000070b600000| Untracked 
|  83|0x000000070b800000, 0x000000070b800000, 0x000000070ba00000|  0%| F|  |TAMS 0x000000070b800000, 0x000000070b800000| Untracked 
|  84|0x000000070ba00000, 0x000000070ba00000, 0x000000070bc00000|  0%| F|  |TAMS 0x000000070ba00000, 0x000000070ba00000| Untracked 
|  85|0x000000070bc00000, 0x000000070bc00000, 0x000000070be00000|  0%| F|  |TAMS 0x000000070bc00000, 0x000000070bc00000| Untracked 
|  86|0x000000070be00000, 0x000000070be00000, 0x000000070c000000|  0%| F|  |TAMS 0x000000070be00000, 0x000000070be00000| Untracked 
|  87|0x000000070c000000, 0x000000070c000000, 0x000000070c200000|  0%| F|  |TAMS 0x000000070c000000, 0x000000070c000000| Untracked 
|  88|0x000000070c200000, 0x000000070c200000, 0x000000070c400000|  0%| F|  |TAMS 0x000000070c200000, 0x000000070c200000| Untracked 
|  89|0x000000070c400000, 0x000000070c400000, 0x000000070c600000|  0%| F|  |TAMS 0x000000070c400000, 0x000000070c400000| Untracked 
|  90|0x000000070c600000, 0x000000070c600000, 0x000000070c800000|  0%| F|  |TAMS 0x000000070c600000, 0x000000070c600000| Untracked 
|  91|0x000000070c800000, 0x000000070c800000, 0x000000070ca00000|  0%| F|  |TAMS 0x000000070c800000, 0x000000070c800000| Untracked 
|  92|0x000000070ca00000, 0x000000070ca00000, 0x000000070cc00000|  0%| F|  |TAMS 0x000000070ca00000, 0x000000070ca00000| Untracked 
|  93|0x000000070cc00000, 0x000000070cc00000, 0x000000070ce00000|  0%| F|  |TAMS 0x000000070cc00000, 0x000000070cc00000| Untracked 
|  94|0x000000070ce00000, 0x000000070ce00000, 0x000000070d000000|  0%| F|  |TAMS 0x000000070ce00000, 0x000000070ce00000| Untracked 
|  95|0x000000070d000000, 0x000000070d000000, 0x000000070d200000|  0%| F|  |TAMS 0x000000070d000000, 0x000000070d000000| Untracked 
|  96|0x000000070d200000, 0x000000070d200000, 0x000000070d400000|  0%| F|  |TAMS 0x000000070d200000, 0x000000070d200000| Untracked 
|  97|0x000000070d400000, 0x000000070d400000, 0x000000070d600000|  0%| F|  |TAMS 0x000000070d400000, 0x000000070d400000| Untracked 
|  98|0x000000070d600000, 0x000000070d600000, 0x000000070d800000|  0%| F|  |TAMS 0x000000070d600000, 0x000000070d600000| Untracked 
|  99|0x000000070d800000, 0x000000070d800000, 0x000000070da00000|  0%| F|  |TAMS 0x000000070d800000, 0x000000070d800000| Untracked 
| 100|0x000000070da00000, 0x000000070da00000, 0x000000070dc00000|  0%| F|  |TAMS 0x000000070da00000, 0x000000070da00000| Untracked 
| 101|0x000000070dc00000, 0x000000070dc00000, 0x000000070de00000|  0%| F|  |TAMS 0x000000070dc00000, 0x000000070dc00000| Untracked 
| 102|0x000000070de00000, 0x000000070de00000, 0x000000070e000000|  0%| F|  |TAMS 0x000000070de00000, 0x000000070de00000| Untracked 
| 103|0x000000070e000000, 0x000000070e000000, 0x000000070e200000|  0%| F|  |TAMS 0x000000070e000000, 0x000000070e000000| Untracked 
| 104|0x000000070e200000, 0x000000070e200000, 0x000000070e400000|  0%| F|  |TAMS 0x000000070e200000, 0x000000070e200000| Untracked 
| 105|0x000000070e400000, 0x000000070e400000, 0x000000070e600000|  0%| F|  |TAMS 0x000000070e400000, 0x000000070e400000| Untracked 
| 106|0x000000070e600000, 0x000000070e600000, 0x000000070e800000|  0%| F|  |TAMS 0x000000070e600000, 0x000000070e600000| Untracked 
| 107|0x000000070e800000, 0x000000070e800000, 0x000000070ea00000|  0%| F|  |TAMS 0x000000070e800000, 0x000000070e800000| Untracked 
| 108|0x000000070ea00000, 0x000000070ea00000, 0x000000070ec00000|  0%| F|  |TAMS 0x000000070ea00000, 0x000000070ea00000| Untracked 
| 109|0x000000070ec00000, 0x000000070ec00000, 0x000000070ee00000|  0%| F|  |TAMS 0x000000070ec00000, 0x000000070ec00000| Untracked 
| 110|0x000000070ee00000, 0x000000070ee00000, 0x000000070f000000|  0%| F|  |TAMS 0x000000070ee00000, 0x000000070ee00000| Untracked 
| 111|0x000000070f000000, 0x000000070f000000, 0x000000070f200000|  0%| F|  |TAMS 0x000000070f000000, 0x000000070f000000| Untracked 
| 112|0x000000070f200000, 0x000000070f200000, 0x000000070f400000|  0%| F|  |TAMS 0x000000070f200000, 0x000000070f200000| Untracked 
| 113|0x000000070f400000, 0x000000070f400000, 0x000000070f600000|  0%| F|  |TAMS 0x000000070f400000, 0x000000070f400000| Untracked 
| 114|0x000000070f600000, 0x000000070f600000, 0x000000070f800000|  0%| F|  |TAMS 0x000000070f600000, 0x000000070f600000| Untracked 
| 115|0x000000070f800000, 0x000000070f800000, 0x000000070fa00000|  0%| F|  |TAMS 0x000000070f800000, 0x000000070f800000| Untracked 
| 116|0x000000070fa00000, 0x000000070fa00000, 0x000000070fc00000|  0%| F|  |TAMS 0x000000070fa00000, 0x000000070fa00000| Untracked 
| 117|0x000000070fc00000, 0x000000070fc00000, 0x000000070fe00000|  0%| F|  |TAMS 0x000000070fc00000, 0x000000070fc00000| Untracked 
| 118|0x000000070fe00000, 0x000000070fe00000, 0x0000000710000000|  0%| F|  |TAMS 0x000000070fe00000, 0x000000070fe00000| Untracked 
| 119|0x0000000710000000, 0x0000000710000000, 0x0000000710200000|  0%| F|  |TAMS 0x0000000710000000, 0x0000000710000000| Untracked 
| 120|0x0000000710200000, 0x0000000710200000, 0x0000000710400000|  0%| F|  |TAMS 0x0000000710200000, 0x0000000710200000| Untracked 
| 121|0x0000000710400000, 0x0000000710400000, 0x0000000710600000|  0%| F|  |TAMS 0x0000000710400000, 0x0000000710400000| Untracked 
| 122|0x0000000710600000, 0x0000000710733c40, 0x0000000710800000| 60%| E|  |TAMS 0x0000000710600000, 0x0000000710600000| Complete 
| 123|0x0000000710800000, 0x0000000710a00000, 0x0000000710a00000|100%| E|CS|TAMS 0x0000000710800000, 0x0000000710800000| Complete 
| 124|0x0000000710a00000, 0x0000000710c00000, 0x0000000710c00000|100%| E|CS|TAMS 0x0000000710a00000, 0x0000000710a00000| Complete 
| 125|0x0000000710c00000, 0x0000000710e00000, 0x0000000710e00000|100%| E|CS|TAMS 0x0000000710c00000, 0x0000000710c00000| Complete 
| 126|0x0000000710e00000, 0x0000000711000000, 0x0000000711000000|100%| E|CS|TAMS 0x0000000710e00000, 0x0000000710e00000| Complete 
| 127|0x0000000711000000, 0x0000000711200000, 0x0000000711200000|100%| E|CS|TAMS 0x0000000711000000, 0x0000000711000000| Complete 

Card table byte_map: [0x00000292b85c0000,0x00000292b8dc0000] _byte_map_base: 0x00000292b4db7000

Marking Bits (Prev, Next): (CMBitMap*) 0x00000292a157ccc0, (CMBitMap*) 0x00000292a157cd00
 Prev Bits: [0x00000292b95c0000, 0x00000292bd578000)
 Next Bits: [0x00000292bd580000, 0x00000292c1538000)

Polling page: 0x00000292a0d10000

Metaspace:

Usage:
  Non-class:      5.89 MB used.
      Class:    718.53 KB used.
       Both:      6.59 MB used.

Virtual space:
  Non-class space:        8.00 MB reserved,       5.94 MB ( 74%) committed,  1 nodes.
      Class space:        1.00 GB reserved,     832.00 KB ( <1%) committed,  1 nodes.
              Both:        1.01 GB reserved,       6.75 MB ( <1%) committed. 

Chunk freelists:
   Non-Class:  2.06 MB
       Class:  3.22 MB
        Both:  5.29 MB

MaxMetaspaceSize: 17179869184.00 GB
CompressedClassSpaceSize: 1.00 GB
 - commit_granule_bytes: 65536.
 - commit_granule_words: 8192.
 - virtual_space_node_default_size: 1048576.
 - enlarge_chunks_in_place: 1.
 - new_chunks_are_fully_committed: 0.
 - uncommit_free_chunks: 1.
 - use_allocation_guard: 0.
 - handle_deallocations: 1.


Internal statistics:

num_allocs_failed_limit: 0.
num_arena_births: 140.
num_arena_deaths: 0.
num_vsnodes_births: 2.
num_vsnodes_deaths: 0.
num_space_committed: 108.
num_space_uncommitted: 0.
num_chunks_returned_to_freelist: 0.
num_chunks_taken_from_freelist: 177.
num_chunk_merges: 0.
num_chunk_splits: 110.
num_chunks_enlarged: 56.
num_purges: 0.

CodeHeap 'non-profiled nmethods': size=120000Kb used=323Kb max_used=323Kb free=119676Kb
 bounds [0x00000292b0780000, 0x00000292b09f0000, 0x00000292b7cb0000]
CodeHeap 'profiled nmethods': size=120000Kb used=1439Kb max_used=1439Kb free=118560Kb
 bounds [0x00000292a9250000, 0x00000292a94c0000, 0x00000292b0780000]
CodeHeap 'non-nmethods': size=5760Kb used=1252Kb max_used=1279Kb free=4507Kb
 bounds [0x00000292a8cb0000, 0x00000292a8f20000, 0x00000292a9250000]
 total_blobs=1520 nmethods=956 adapters=477
 compilation: enabled
              stopped_count=0, restarted_count=0
 full_count=0

Compilation events (20 events):
Event: 6.751 Thread 0x00000292c3d7c0c0  947       3       java.awt.Canvas::getBufferStrategy (5 bytes)
Event: 6.751 Thread 0x00000292c3d7c0c0 nmethod 947 0x00000292a93b1110 code [0x00000292a93b12a0, 0x00000292a93b13b8]
Event: 6.751 Thread 0x00000292c3d7c0c0  946       3       Kiszel.Daniel.Game.Game::render (114 bytes)
Event: 6.751 Thread 0x00000292c3d7c0c0 nmethod 946 0x00000292a93b1490 code [0x00000292a93b16e0, 0x00000292a93b1ff8]
Event: 6.767 Thread 0x00000292c3d7c0c0  948       3       java.awt.Component$FlipBufferStrategy::updateInternalBuffers (38 bytes)
Event: 6.768 Thread 0x00000292c3d7c0c0 nmethod 948 0x00000292a93b2290 code [0x00000292a93b2480, 0x00000292a93b2bf8]
Event: 6.769 Thread 0x00000292c3d7c0c0  949   !   3       sun.java2d.d3d.D3DGraphicsConfig::flip (241 bytes)
Event: 6.769 Thread 0x00000292c3d7c0c0 nmethod 949 0x00000292a93b2d90 code [0x00000292a93b3100, 0x00000292a93b4798]
Event: 7.273 Thread 0x00000292c3d7c0c0  950       3       java.util.concurrent.locks.AbstractQueuedSynchronizer::signalNext (34 bytes)
Event: 7.274 Thread 0x00000292c3d7c0c0 nmethod 950 0x00000292a93b5210 code [0x00000292a93b53e0, 0x00000292a93b56b8]
Event: 7.275 Thread 0x00000292c3d7c0c0  951       3       java.security.AccessControlContext::optimize (319 bytes)
Event: 7.276 Thread 0x00000292c3d7c0c0 nmethod 951 0x00000292a93b5810 code [0x00000292a93b5ba0, 0x00000292a93b71b8]
Event: 7.302 Thread 0x00000292c3d7c0c0  952       1       java.lang.Thread::isInterrupted (5 bytes)
Event: 7.302 Thread 0x00000292c3d7c0c0 nmethod 952 0x00000292b07d0010 code [0x00000292b07d01a0, 0x00000292b07d0278]
Event: 7.429 Thread 0x00000292c3d7c0c0  953       1       java.security.AccessControlContext::getCombiner (5 bytes)
Event: 7.429 Thread 0x00000292c3d7c0c0 nmethod 953 0x00000292b07d0310 code [0x00000292b07d04a0, 0x00000292b07d0578]
Event: 7.429 Thread 0x00000292c3d7c0c0  954       1       java.security.AccessControlContext::getContext (5 bytes)
Event: 7.429 Thread 0x00000292c3d7c0c0 nmethod 954 0x00000292b07d0610 code [0x00000292b07d07a0, 0x00000292b07d0878]
Event: 8.372 Thread 0x00000292c3d7c0c0  955       3       java.security.AccessController::getContext (23 bytes)
Event: 8.372 Thread 0x00000292c3d7c0c0 nmethod 955 0x00000292a93b7810 code [0x00000292a93b79e0, 0x00000292a93b7cb8]

GC Heap History (0 events):
No events

Deoptimization events (20 events):
Event: 2.840 Thread 0x00000292c4a21710 DEOPT PACKING pc=0x00000292b07b2e44 sp=0x000000c6354fee20
Event: 2.840 Thread 0x00000292c4a21710 DEOPT UNPACKING pc=0x00000292a8cfd72e sp=0x000000c6354feda8 mode 2
Event: 2.841 Thread 0x00000292c4a21710 Uncommon trap: trap_request=0xffffff45 fr.pc=0x00000292b07aebf0 relative=0x00000000000003d0
Event: 2.841 Thread 0x00000292c4a21710 Uncommon trap: reason=unstable_if action=reinterpret pc=0x00000292b07aebf0 method=java.util.ArrayList.grow(I)[Ljava/lang/Object; @ 7 c2
Event: 2.841 Thread 0x00000292c4a21710 DEOPT PACKING pc=0x00000292b07aebf0 sp=0x000000c6354fdc20
Event: 2.841 Thread 0x00000292c4a21710 DEOPT UNPACKING pc=0x00000292a8cfd72e sp=0x000000c6354fdab0 mode 2
Event: 2.844 Thread 0x00000292c4a21710 Uncommon trap: trap_request=0xffffff45 fr.pc=0x00000292b07af1d4 relative=0x0000000000000234
Event: 2.844 Thread 0x00000292c4a21710 Uncommon trap: reason=unstable_if action=reinterpret pc=0x00000292b07af1d4 method=java.util.ArrayList.grow(I)[Ljava/lang/Object; @ 7 c2
Event: 2.844 Thread 0x00000292c4a21710 DEOPT PACKING pc=0x00000292b07af1d4 sp=0x000000c6354fd840
Event: 2.844 Thread 0x00000292c4a21710 DEOPT UNPACKING pc=0x00000292a8cfd72e sp=0x000000c6354fd7f0 mode 2
Event: 2.856 Thread 0x00000292c4a21710 DEOPT PACKING pc=0x00000292a9395cca sp=0x000000c6354feda0
Event: 2.856 Thread 0x00000292c4a21710 DEOPT UNPACKING pc=0x00000292a8cfdece sp=0x000000c6354fe298 mode 0
Event: 7.253 Thread 0x00000292c4b625b0 Uncommon trap: trap_request=0xffffff45 fr.pc=0x00000292b07b7c58 relative=0x0000000000000038
Event: 7.253 Thread 0x00000292c4b625b0 Uncommon trap: reason=unstable_if action=reinterpret pc=0x00000292b07b7c58 method=java.util.concurrent.locks.AbstractQueuedSynchronizer.signalNext(Ljava/util/concurrent/locks/AbstractQueuedSynchronizer$Node;)V @ 10 c2
Event: 7.253 Thread 0x00000292c4b625b0 DEOPT PACKING pc=0x00000292b07b7c58 sp=0x000000c6357fe0d0
Event: 7.253 Thread 0x00000292c4b625b0 DEOPT UNPACKING pc=0x00000292a8cfd72e sp=0x000000c6357fe060 mode 2
Event: 7.253 Thread 0x00000292c55a7b40 Uncommon trap: trap_request=0xffffff45 fr.pc=0x00000292b07cee2c relative=0x000000000000008c
Event: 7.254 Thread 0x00000292c55a7b40 Uncommon trap: reason=unstable_if action=reinterpret pc=0x00000292b07cee2c method=sun.awt.AWTAutoShutdown.isReadyToShutdown()Z @ 4 c2
Event: 7.254 Thread 0x00000292c55a7b40 DEOPT PACKING pc=0x00000292b07cee2c sp=0x000000c635afea30
Event: 7.254 Thread 0x00000292c55a7b40 DEOPT UNPACKING pc=0x00000292a8cfd72e sp=0x000000c635afe9d0 mode 2

Classes unloaded (0 events):
No events

Classes redefined (0 events):
No events

Internal exceptions (14 events):
Event: 0.066 Thread 0x00000292c49a3c00 Exception <a 'java/lang/NoSuchMethodError'{0x0000000710e6fb60}: 'java.lang.Object java.lang.invoke.DirectMethodHandle$Holder.invokeStatic(java.lang.Object)'> (0x0000000710e6fb60) 
thrown [t:\workspace\open\src\hotspot\share\interpreter\linkResolver.cpp, line 790]
Event: 0.066 Thread 0x00000292c49a3c00 Exception <a 'java/lang/NoSuchMethodError'{0x0000000710e73470}: 'java.lang.Object java.lang.invoke.DirectMethodHandle$Holder.invokeStaticInit(java.lang.Object)'> (0x0000000710e73470) 
thrown [t:\workspace\open\src\hotspot\share\interpreter\linkResolver.cpp, line 790]
Event: 0.071 Thread 0x00000292c49a3c00 Exception <a 'java/lang/NoSuchMethodError'{0x0000000710e810e8}: 'void java.lang.invoke.DirectMethodHandle$Holder.invokeStatic(java.lang.Object, java.lang.Object)'> (0x0000000710e810e8) 
thrown [t:\workspace\open\src\hotspot\share\interpreter\linkResolver.cpp, line 790]
Event: 0.071 Thread 0x00000292c4a21710 Exception <a 'java/lang/NoSuchMethodError'{0x0000000710ed2110}: 'void java.lang.invoke.DirectMethodHandle$Holder.invokeSpecial(java.lang.Object, java.lang.Object, java.lang.Object)'> (0x0000000710ed2110) 
thrown [t:\workspace\open\src\hotspot\share\interpreter\linkResolver.cpp, line 790]
Event: 0.077 Thread 0x00000292c4a21710 Exception <a 'java/lang/ClassNotFoundException'{0x0000000710ee8558}: sun/awt/resources/spi/awtProvider> (0x0000000710ee8558) 
thrown [t:\workspace\open\src\hotspot\share\classfile\systemDictionary.cpp, line 256]
Event: 0.092 Thread 0x00000292c4a21710 Exception <a 'java/io/FileNotFoundException'{0x0000000710fa4218}> (0x0000000710fa4218) 
thrown [t:\workspace\open\src\hotspot\share\prims\jni.cpp, line 579]
Event: 0.097 Thread 0x00000292c4a21710 Exception <a 'java/io/FileNotFoundException'{0x0000000710fd2b50}> (0x0000000710fd2b50) 
thrown [t:\workspace\open\src\hotspot\share\prims\jni.cpp, line 579]
Event: 0.244 Thread 0x00000292c4a21710 Exception <a 'java/lang/NoSuchMethodError'{0x0000000710ce6e80}: 'java.lang.Object java.lang.invoke.DirectMethodHandle$Holder.newInvokeSpecial(java.lang.Object, java.lang.Object, java.lang.Object, java.lang.Object, java.lang.Object)'> (0x0000000710ce6e80) 
thrown [t:\workspace\open\src\hotspot\share\interpreter\linkResolver.cpp, line 790]
Event: 0.245 Thread 0x00000292c4a21710 Exception <a 'java/lang/NoSuchMethodError'{0x0000000710cf2968}: 'java.lang.Object java.lang.invoke.DirectMethodHandle$Holder.invokeStatic(java.lang.Object, int, java.lang.Object, java.lang.Object, java.lang.Object, java.lang.Object)'> (0x0000000710cf2968) 
thrown [t:\workspace\open\src\hotspot\share\interpreter\linkResolver.cpp, line 790]
Event: 0.248 Thread 0x00000292c4a21710 Exception <a 'java/lang/NoSuchMethodError'{0x0000000710d18a30}: 'java.lang.Object java.lang.invoke.DirectMethodHandle$Holder.invokeStatic(java.lang.Object, int, java.lang.Object)'> (0x0000000710d18a30) 
thrown [t:\workspace\open\src\hotspot\share\interpreter\linkResolver.cpp, line 790]
Event: 0.266 Thread 0x00000292c4a21710 Exception <a 'java/lang/ClassNotFoundException'{0x0000000710dd0b90}: com/sun/swing/internal/plaf/metal/resources/spi/metalProvider> (0x0000000710dd0b90) 
thrown [t:\workspace\open\src\hotspot\share\classfile\systemDictionary.cpp, line 256]
Event: 0.266 Thread 0x00000292c4a21710 Exception <a 'java/lang/ClassNotFoundException'{0x0000000710dd4e78}: com/sun/swing/internal/plaf/basic/resources/spi/basicProvider> (0x0000000710dd4e78) 
thrown [t:\workspace\open\src\hotspot\share\classfile\systemDictionary.cpp, line 256]
Event: 0.287 Thread 0x00000292c4a21710 Exception <a 'java/lang/NoSuchMethodError'{0x0000000710a7ba10}: 'void java.lang.invoke.DirectMethodHandle$Holder.invokeStaticInit(java.lang.Object)'> (0x0000000710a7ba10) 
thrown [t:\workspace\open\src\hotspot\share\interpreter\linkResolver.cpp, line 790]
Event: 0.322 Thread 0x00000292c4b625b0 Exception <a 'java/lang/NoSuchMethodError'{0x0000000710c84920}: 'void java.lang.invoke.DirectMethodHandle$Holder.invokeVirtual(java.lang.Object, java.lang.Object)'> (0x0000000710c84920) 
thrown [t:\workspace\open\src\hotspot\share\interpreter\linkResolver.cpp, line 790]

Events (20 events):
Event: 1.015 loading class sun/util/resources/cldr/TimeZoneNames_en_US
Event: 1.015 loading class sun/util/resources/cldr/TimeZoneNames_en_US done
Event: 1.015 loading class java/util/LinkedHashMap$LinkedKeySet
Event: 1.015 loading class java/util/LinkedHashMap$LinkedKeySet done
Event: 1.016 loading class sun/util/resources/TimeZoneNames
Event: 1.016 loading class sun/util/resources/TimeZoneNames done
Event: 1.016 loading class sun/util/resources/TimeZoneNames_en
Event: 1.016 loading class sun/util/resources/TimeZoneNames_en done
Event: 1.343 Executing  VM operation: Cleanup
Event: 1.343 Executing  VM operation: Cleanup done
Event: 3.363 Executing  VM operation: Cleanup
Event: 3.363 Executing  VM operation: Cleanup done
Event: 5.376 Executing  VM operation: Cleanup
Event: 5.376 Executing  VM operation: Cleanup done
Event: 7.396 Executing  VM operation: Cleanup
Event: 7.396 Executing  VM operation: Cleanup done
Event: 8.372 Thread 0x00000292c4b7a320 Thread added: 0x00000292c4b7a320
Event: 8.372 Thread 0x00000292c4b79880 Thread added: 0x00000292c4b79880
Event: 8.372 Thread 0x00000292c4b79880 Thread exited: 0x00000292c4b79880
Event: 8.372 Thread 0x00000292c563eee0 Thread exited: 0x00000292c563eee0


Dynamic libraries:
0x00007ff668d70000 - 0x00007ff668d80000 	C:\Program Files\Java\jdk-16.0.1\bin\java.exe
0x00007ffd03970000 - 0x00007ffd03b65000 	C:\WINDOWS\SYSTEM32\ntdll.dll
0x00007ffd019e0000 - 0x00007ffd01a9d000 	C:\WINDOWS\System32\KERNEL32.DLL
0x00007ffd011c0000 - 0x00007ffd01488000 	C:\WINDOWS\System32\KERNELBASE.dll
0x00007ffd016d0000 - 0x00007ffd017d0000 	C:\WINDOWS\System32\ucrtbase.dll
0x00007ffcf9b90000 - 0x00007ffcf9ba8000 	C:\Program Files\Java\jdk-16.0.1\bin\jli.dll
0x00007ffd036c0000 - 0x00007ffd0376c000 	C:\WINDOWS\System32\ADVAPI32.dll
0x00007ffd02af0000 - 0x00007ffd02b8e000 	C:\WINDOWS\System32\msvcrt.dll
0x00007ffd03190000 - 0x00007ffd0322b000 	C:\WINDOWS\System32\sechost.dll
0x00007ffd029b0000 - 0x00007ffd02adb000 	C:\WINDOWS\System32\RPCRT4.dll
0x00007ffd02dc0000 - 0x00007ffd02f60000 	C:\WINDOWS\System32\USER32.dll
0x00007ffd01870000 - 0x00007ffd01892000 	C:\WINDOWS\System32\win32u.dll
0x00007ffd028c0000 - 0x00007ffd028ea000 	C:\WINDOWS\System32\GDI32.dll
0x00007ffd010b0000 - 0x00007ffd011bb000 	C:\WINDOWS\System32\gdi32full.dll
0x00007ffd017d0000 - 0x00007ffd0186d000 	C:\WINDOWS\System32\msvcp_win.dll
0x00007ffcf9c20000 - 0x00007ffcf9c39000 	C:\Program Files\Java\jdk-16.0.1\bin\VCRUNTIME140.dll
0x00007ffcf0e40000 - 0x00007ffcf10da000 	C:\WINDOWS\WinSxS\amd64_microsoft.windows.common-controls_6595b64144ccf1df_6.0.19041.1052_none_60b8f8fd71f5e8cb\COMCTL32.dll
0x00007ffcfb900000 - 0x00007ffcfb90a000 	C:\WINDOWS\SYSTEM32\VERSION.dll
0x00007ffd02f70000 - 0x00007ffd02fa0000 	C:\WINDOWS\System32\IMM32.DLL
0x00007ffcfe9e0000 - 0x00007ffcfe9ec000 	C:\Program Files\Java\jdk-16.0.1\bin\vcruntime140_1.dll
0x00007ffcced40000 - 0x00007ffccedd1000 	C:\Program Files\Java\jdk-16.0.1\bin\msvcp140.dll
0x00007ffcb95a0000 - 0x00007ffcba14b000 	C:\Program Files\Java\jdk-16.0.1\bin\server\jvm.dll
0x00007ffd02f60000 - 0x00007ffd02f68000 	C:\WINDOWS\System32\PSAPI.DLL
0x00007ffcf7e60000 - 0x00007ffcf7e87000 	C:\WINDOWS\SYSTEM32\WINMM.dll
0x00007ffce2270000 - 0x00007ffce2279000 	C:\WINDOWS\SYSTEM32\WSOCK32.dll
0x00007ffd03770000 - 0x00007ffd037db000 	C:\WINDOWS\System32\WS2_32.dll
0x00007ffcfef40000 - 0x00007ffcfef52000 	C:\WINDOWS\SYSTEM32\kernel.appcore.dll
0x00007ffcfcd60000 - 0x00007ffcfcd6a000 	C:\Program Files\Java\jdk-16.0.1\bin\jimage.dll
0x00007ffcf1c60000 - 0x00007ffcf1e44000 	C:\WINDOWS\SYSTEM32\DBGHELP.DLL
0x00007ffcf27e0000 - 0x00007ffcf280c000 	C:\WINDOWS\SYSTEM32\dbgcore.DLL
0x00007ffd01490000 - 0x00007ffd01513000 	C:\WINDOWS\System32\bcryptPrimitives.dll
0x00007ffcf9b80000 - 0x00007ffcf9b8e000 	C:\Program Files\Java\jdk-16.0.1\bin\instrument.dll
0x00007ffcf69f0000 - 0x00007ffcf6a15000 	C:\Program Files\Java\jdk-16.0.1\bin\java.dll
0x00007ffd01c20000 - 0x00007ffd0235f000 	C:\WINDOWS\System32\SHELL32.dll
0x00007ffcff220000 - 0x00007ffcff9b0000 	C:\WINDOWS\SYSTEM32\windows.storage.dll
0x00007ffd03350000 - 0x00007ffd036a5000 	C:\WINDOWS\System32\combase.dll
0x00007ffd00b20000 - 0x00007ffd00b4c000 	C:\WINDOWS\SYSTEM32\Wldp.dll
0x00007ffd030e0000 - 0x00007ffd0318e000 	C:\WINDOWS\System32\SHCORE.dll
0x00007ffd02950000 - 0x00007ffd029a5000 	C:\WINDOWS\System32\shlwapi.dll
0x00007ffd00ff0000 - 0x00007ffd0100f000 	C:\WINDOWS\SYSTEM32\profapi.dll
0x00007ffcf01e0000 - 0x00007ffcf01f8000 	C:\Program Files\Java\jdk-16.0.1\bin\zip.dll
0x00007ffcf6de0000 - 0x00007ffcf6df9000 	C:\Program Files\Java\jdk-16.0.1\bin\net.dll
0x00007ffcf9ee0000 - 0x00007ffcf9feb000 	C:\WINDOWS\SYSTEM32\WINHTTP.dll
0x00007ffd00890000 - 0x00007ffd008fa000 	C:\WINDOWS\system32\mswsock.dll
0x00007ffcf51c0000 - 0x00007ffcf51d3000 	C:\Program Files\Java\jdk-16.0.1\bin\nio.dll
0x00007ffcddf70000 - 0x00007ffcddf8a000 	D:\JetBrains\IntelliJ IDEA 2021.1.2\bin\breakgen64.dll
0x00007ffcbc920000 - 0x00007ffcbcaa0000 	C:\Program Files\Java\jdk-16.0.1\bin\awt.dll
0x00007ffd01aa0000 - 0x00007ffd01b6d000 	C:\WINDOWS\System32\OLEAUT32.dll
0x00007ffcfea40000 - 0x00007ffcfead0000 	C:\WINDOWS\SYSTEM32\apphelp.dll
0x00007ffcfef10000 - 0x00007ffcfef3f000 	C:\WINDOWS\system32\DWMAPI.DLL
0x00007ffcfeb60000 - 0x00007ffcfebfe000 	C:\WINDOWS\system32\uxtheme.dll
0x00007ffcbc180000 - 0x00007ffcbc2a6000 	C:\WINDOWS\system32\opengl32.dll
0x00007ffcdd8c0000 - 0x00007ffcdd8ec000 	C:\WINDOWS\SYSTEM32\GLU32.dll
0x00007ffd03230000 - 0x00007ffd03345000 	C:\WINDOWS\System32\MSCTF.dll
0x00007ffd03800000 - 0x00007ffd0392a000 	C:\WINDOWS\System32\ole32.dll
0x00007ffd00ca0000 - 0x00007ffd00cb2000 	C:\WINDOWS\SYSTEM32\msasn1.dll
0x00007ffcfb8c0000 - 0x00007ffcfb8f1000 	C:\WINDOWS\SYSTEM32\cryptnet.dll
0x00007ffd01520000 - 0x00007ffd0167f000 	C:\WINDOWS\System32\CRYPT32.dll
0x00007ffd00a80000 - 0x00007ffd00a8c000 	C:\WINDOWS\SYSTEM32\cryptbase.dll
0x00007ffd01980000 - 0x00007ffd019e0000 	C:\WINDOWS\System32\WINTRUST.DLL
0x00007ffd037e0000 - 0x00007ffd037fd000 	C:\WINDOWS\System32\imagehlp.dll
0x00007ffd00a60000 - 0x00007ffd00a78000 	C:\WINDOWS\SYSTEM32\CRYPTSP.dll
0x00007ffd00160000 - 0x00007ffd00194000 	C:\WINDOWS\system32\rsaenh.dll
0x00007ffd018a0000 - 0x00007ffd018c7000 	C:\WINDOWS\System32\bcrypt.dll
0x00007ffcff9c0000 - 0x00007ffcff9e3000 	C:\WINDOWS\SYSTEM32\gpapi.dll
0x00007ffcf5db0000 - 0x00007ffcf5deb000 	C:\WINDOWS\SYSTEM32\dxcore.dll
0x00007ffd01680000 - 0x00007ffd016ce000 	C:\WINDOWS\System32\cfgmgr32.dll
0x00007ffcceae0000 - 0x00007ffcceb69000 	C:\Program Files\Java\jdk-16.0.1\bin\freetype.dll
0x00007ffcbc820000 - 0x00007ffcbc916000 	C:\Program Files\Java\jdk-16.0.1\bin\harfbuzz.dll
0x00007ffcdda50000 - 0x00007ffcdda62000 	C:\Program Files\Java\jdk-16.0.1\bin\fontmanager.dll
0x00007ffcacb60000 - 0x00007ffcacbe9000 	D:\Overwolf\0.173.0.14\OWExplorer.dll
0x00007ffcf92f0000 - 0x00007ffcf93e9000 	C:\WINDOWS\SYSTEM32\textinputframework.dll
0x00007ffcfe6a0000 - 0x00007ffcfe792000 	C:\WINDOWS\System32\CoreMessaging.dll
0x00007ffcfe340000 - 0x00007ffcfe69e000 	C:\WINDOWS\System32\CoreUIComponents.dll
0x00007ffcffdf0000 - 0x00007ffcffe23000 	C:\WINDOWS\SYSTEM32\ntmarta.dll
0x00007ffcfdc40000 - 0x00007ffcfdd94000 	C:\WINDOWS\SYSTEM32\wintypes.dll

dbghelp: loaded successfully - version: 4.0.5 - missing functions: none
symbol engine: initialized successfully - sym options: 0x614 - pdb path: .;C:\Program Files\Java\jdk-16.0.1\bin;C:\WINDOWS\SYSTEM32;C:\WINDOWS\WinSxS\amd64_microsoft.windows.common-controls_6595b64144ccf1df_6.0.19041.1052_none_60b8f8fd71f5e8cb;C:\Program Files\Java\jdk-16.0.1\bin\server;D:\JetBrains\IntelliJ IDEA 2021.1.2\bin;C:\WINDOWS\System32\DriverStore\FileRepository\nv_dispi.inf_amd64_b2801df14ec7de03;D:\Overwolf\0.173.0.14

VM Arguments:
jvm_args: -javaagent:D:\JetBrains\IntelliJ IDEA 2021.1.2\lib\idea_rt.jar=57363:D:\JetBrains\IntelliJ IDEA 2021.1.2\bin -Dfile.encoding=UTF-8 
java_command: Kiszel.Daniel.Game.Main
java_class_path (initial): D:\untitled5\out\production\untitled5
Launcher Type: SUN_STANDARD

[Global flags]
     intx CICompilerCount                          = 3                                         {product} {ergonomic}
     uint ConcGCThreads                            = 2                                         {product} {ergonomic}
     uint G1ConcRefinementThreads                  = 6                                         {product} {ergonomic}
   size_t G1HeapRegionSize                         = 2097152                                   {product} {ergonomic}
    uintx GCDrainStackTargetSize                   = 64                                        {product} {ergonomic}
   size_t InitialHeapSize                          = 268435456                                 {product} {ergonomic}
   size_t MarkStackSize                            = 4194304                                   {product} {ergonomic}
   size_t MaxHeapSize                              = 4276092928                                {product} {ergonomic}
   size_t MaxNewSize                               = 2564816896                                {product} {ergonomic}
   size_t MinHeapDeltaBytes                        = 2097152                                   {product} {ergonomic}
   size_t MinHeapSize                              = 8388608                                   {product} {ergonomic}
    uintx NonNMethodCodeHeapSize                   = 5832780                                {pd product} {ergonomic}
    uintx NonProfiledCodeHeapSize                  = 122912730                              {pd product} {ergonomic}
    uintx ProfiledCodeHeapSize                     = 122912730                              {pd product} {ergonomic}
    uintx ReservedCodeCacheSize                    = 251658240                              {pd product} {ergonomic}
     bool SegmentedCodeCache                       = true                                      {product} {ergonomic}
   size_t SoftMaxHeapSize                          = 4276092928                             {manageable} {ergonomic}
     bool UseCompressedClassPointers               = true                           {product lp64_product} {ergonomic}
     bool UseCompressedOops                        = true                           {product lp64_product} {ergonomic}
     bool UseG1GC                                  = true                                      {product} {ergonomic}
     bool UseLargePagesIndividualAllocation        = false                                  {pd product} {ergonomic}

Logging:
Log output configuration:
 #0: stdout all=warning uptime,level,tags
 #1: stderr all=off uptime,level,tags

Environment Variables:
PATH=C:\Program Files\Common Files\Oracle\Java\javapath;C:\WINDOWS\system32;C:\WINDOWS;C:\WINDOWS\System32\Wbem;C:\WINDOWS\System32\WindowsPowerShell\v1.0\;C:\WINDOWS\System32\OpenSSH\;C:\Program Files (x86)\NVIDIA Corporation\PhysX\Common;C:\Program Files\Git\cmd;C:\Program Files\dotnet\;C:\Program Files\Microsoft SQL Server\130\Tools\Binn\;C:\Program Files\Microsoft SQL Server\Client SDK\ODBC\170\Tools\Binn\;C:\Users\Dani\AppData\Local\Programs\Python\Python39;C:\Users\Dani\AppData\Local\Programs\Python\Python39\Scripts;C:\Users\Dani\AppData\Local\Microsoft\WindowsApps;C:\Users\Dani\AppData\Local\GitHubDesktop\bin;d:\JetBrains\IntelliJ IDEA 2021.1.2\bin;;C:\Program Files\JetBrains\IntelliJ IDEA Community Edition 2021.1.2\bin;;C:\Users\Dani\.dotnet\tools;C:\Users\Dani\AppData\Local\Programs\Microsoft VS Code\bin;C:\Users\Dani\AppData\Local\Programs\Python\Python39;C:\Users\Dani\AppData\Local\Programs\Python\Python39\Scripts;
USERNAME=Dani
OS=Windows_NT
PROCESSOR_IDENTIFIER=AMD64 Family 23 Model 113 Stepping 0, AuthenticAMD



---------------  S Y S T E M  ---------------

OS:
 Windows 10 , 64 bit Build 19041 (10.0.19041.1023)
OS uptime: 3 days 17:49 hours

CPU: total 6 (initial active 6) (6 cores per cpu, 1 threads per core) family 23 model 113 stepping 0 microcode 0x0, cx8, cmov, fxsr, mmx, 3dnowpref, sse, sse2, sse3, ssse3, sse4a, sse4.1, sse4.2, popcnt, lzcnt, tsc, tscinvbit, avx, avx2, aes, clmul, bmi1, bmi2, adx, sha, fma, vzeroupper, clflush, clflushopt

Memory: 4k page, system-wide physical 16309M (8196M free)
TotalPageFile size 19668M (AvailPageFile size 4986M)
current process WorkingSet (physical memory assigned to process): 66M, peak: 79M
current process commit charge ("private bytes"): 399M, peak: 411M

vm_info: Java HotSpot(TM) 64-Bit Server VM (16.0.1+9-24) for windows-amd64 JRE (16.0.1+9-24), built on Mar 26 2021 19:31:42 by "mach5one" with MS VC++ 16.7 (VS2019)

END.
